{"/home/sohaib/Documents/frms/BIAR/src/job.ts": {"path":"/home/sohaib/Documents/frms/BIAR/src/job.ts","all":false,"statementMap":{"0":{"start":{"line":1,"column":0},"end":{"line":1,"column":56}},"1":{"start":{"line":2,"column":0},"end":{"line":2,"column":77}},"2":{"start":{"line":3,"column":0},"end":{"line":3,"column":33}},"3":{"start":{"line":4,"column":0},"end":{"line":4,"column":29}},"4":{"start":{"line":5,"column":0},"end":{"line":5,"column":59}},"5":{"start":{"line":6,"column":0},"end":{"line":6,"column":53}},"6":{"start":{"line":7,"column":0},"end":{"line":7,"column":53}},"7":{"start":{"line":8,"column":0},"end":{"line":8,"column":53}},"8":{"start":{"line":9,"column":0},"end":{"line":9,"column":65}},"9":{"start":{"line":10,"column":0},"end":{"line":10,"column":72}},"10":{"start":{"line":11,"column":0},"end":{"line":11,"column":0}},"11":{"start":{"line":12,"column":0},"end":{"line":12,"column":16}},"12":{"start":{"line":13,"column":0},"end":{"line":13,"column":0}},"13":{"start":{"line":14,"column":0},"end":{"line":14,"column":25}},"14":{"start":{"line":15,"column":0},"end":{"line":15,"column":41}},"15":{"start":{"line":16,"column":0},"end":{"line":16,"column":43}},"16":{"start":{"line":17,"column":0},"end":{"line":17,"column":37}},"17":{"start":{"line":18,"column":0},"end":{"line":18,"column":37}},"18":{"start":{"line":19,"column":0},"end":{"line":19,"column":37}},"19":{"start":{"line":20,"column":0},"end":{"line":20,"column":49}},"20":{"start":{"line":21,"column":0},"end":{"line":21,"column":41}},"21":{"start":{"line":22,"column":0},"end":{"line":22,"column":0}},"22":{"start":{"line":23,"column":0},"end":{"line":23,"column":17}},"23":{"start":{"line":24,"column":0},"end":{"line":24,"column":60}},"24":{"start":{"line":25,"column":0},"end":{"line":25,"column":63}},"25":{"start":{"line":26,"column":0},"end":{"line":26,"column":48}},"26":{"start":{"line":27,"column":0},"end":{"line":27,"column":42}},"27":{"start":{"line":28,"column":0},"end":{"line":28,"column":42}},"28":{"start":{"line":29,"column":0},"end":{"line":29,"column":42}},"29":{"start":{"line":30,"column":0},"end":{"line":30,"column":54}},"30":{"start":{"line":31,"column":0},"end":{"line":31,"column":3}},"31":{"start":{"line":32,"column":0},"end":{"line":32,"column":0}},"32":{"start":{"line":33,"column":0},"end":{"line":33,"column":30}},"33":{"start":{"line":34,"column":0},"end":{"line":34,"column":9}},"34":{"start":{"line":35,"column":0},"end":{"line":35,"column":61}},"35":{"start":{"line":36,"column":0},"end":{"line":36,"column":36}},"36":{"start":{"line":37,"column":0},"end":{"line":37,"column":40}},"37":{"start":{"line":38,"column":0},"end":{"line":38,"column":7}},"38":{"start":{"line":39,"column":0},"end":{"line":39,"column":21}},"39":{"start":{"line":40,"column":0},"end":{"line":40,"column":81}},"40":{"start":{"line":41,"column":0},"end":{"line":41,"column":5}},"41":{"start":{"line":42,"column":0},"end":{"line":42,"column":3}},"42":{"start":{"line":43,"column":0},"end":{"line":43,"column":0}},"43":{"start":{"line":44,"column":0},"end":{"line":44,"column":73}},"44":{"start":{"line":45,"column":0},"end":{"line":45,"column":75}},"45":{"start":{"line":46,"column":0},"end":{"line":46,"column":35}},"46":{"start":{"line":47,"column":0},"end":{"line":47,"column":26}},"47":{"start":{"line":48,"column":0},"end":{"line":48,"column":49}},"48":{"start":{"line":49,"column":0},"end":{"line":49,"column":22}},"49":{"start":{"line":50,"column":0},"end":{"line":50,"column":42}},"50":{"start":{"line":51,"column":0},"end":{"line":51,"column":6}},"51":{"start":{"line":52,"column":0},"end":{"line":52,"column":3}},"52":{"start":{"line":53,"column":0},"end":{"line":53,"column":0}},"53":{"start":{"line":54,"column":0},"end":{"line":54,"column":72}},"54":{"start":{"line":55,"column":0},"end":{"line":55,"column":26}},"55":{"start":{"line":56,"column":0},"end":{"line":56,"column":29}},"56":{"start":{"line":57,"column":0},"end":{"line":57,"column":25}},"57":{"start":{"line":58,"column":0},"end":{"line":58,"column":0}},"58":{"start":{"line":59,"column":0},"end":{"line":59,"column":9}},"59":{"start":{"line":60,"column":0},"end":{"line":60,"column":59}},"60":{"start":{"line":61,"column":0},"end":{"line":61,"column":0}},"61":{"start":{"line":62,"column":0},"end":{"line":62,"column":61}},"62":{"start":{"line":63,"column":0},"end":{"line":63,"column":41}},"63":{"start":{"line":64,"column":0},"end":{"line":64,"column":48}},"64":{"start":{"line":65,"column":0},"end":{"line":65,"column":7}},"65":{"start":{"line":66,"column":0},"end":{"line":66,"column":0}},"66":{"start":{"line":67,"column":0},"end":{"line":67,"column":47}},"67":{"start":{"line":68,"column":0},"end":{"line":68,"column":39}},"68":{"start":{"line":69,"column":0},"end":{"line":69,"column":0}},"69":{"start":{"line":70,"column":0},"end":{"line":70,"column":68}},"70":{"start":{"line":71,"column":0},"end":{"line":71,"column":97}},"71":{"start":{"line":72,"column":0},"end":{"line":72,"column":7}},"72":{"start":{"line":73,"column":0},"end":{"line":73,"column":0}},"73":{"start":{"line":74,"column":0},"end":{"line":74,"column":79}},"74":{"start":{"line":75,"column":0},"end":{"line":75,"column":0}},"75":{"start":{"line":76,"column":0},"end":{"line":76,"column":32}},"76":{"start":{"line":77,"column":0},"end":{"line":77,"column":78}},"77":{"start":{"line":78,"column":0},"end":{"line":78,"column":7}},"78":{"start":{"line":79,"column":0},"end":{"line":79,"column":6}},"79":{"start":{"line":80,"column":0},"end":{"line":80,"column":61}},"80":{"start":{"line":81,"column":0},"end":{"line":81,"column":66}},"81":{"start":{"line":82,"column":0},"end":{"line":82,"column":0}},"82":{"start":{"line":83,"column":0},"end":{"line":83,"column":37}},"83":{"start":{"line":84,"column":0},"end":{"line":84,"column":71}},"84":{"start":{"line":85,"column":0},"end":{"line":85,"column":57}},"85":{"start":{"line":86,"column":0},"end":{"line":86,"column":26}},"86":{"start":{"line":87,"column":0},"end":{"line":87,"column":0}},"87":{"start":{"line":88,"column":0},"end":{"line":88,"column":37}},"88":{"start":{"line":89,"column":0},"end":{"line":89,"column":18}},"89":{"start":{"line":90,"column":0},"end":{"line":90,"column":19}},"90":{"start":{"line":91,"column":0},"end":{"line":91,"column":15}},"91":{"start":{"line":92,"column":0},"end":{"line":92,"column":39}},"92":{"start":{"line":93,"column":0},"end":{"line":93,"column":36}},"93":{"start":{"line":94,"column":0},"end":{"line":94,"column":32}},"94":{"start":{"line":95,"column":0},"end":{"line":95,"column":39}},"95":{"start":{"line":96,"column":0},"end":{"line":96,"column":35}},"96":{"start":{"line":97,"column":0},"end":{"line":97,"column":46}},"97":{"start":{"line":98,"column":0},"end":{"line":98,"column":43}},"98":{"start":{"line":99,"column":0},"end":{"line":99,"column":36}},"99":{"start":{"line":100,"column":0},"end":{"line":100,"column":9}},"100":{"start":{"line":101,"column":0},"end":{"line":101,"column":0}},"101":{"start":{"line":102,"column":0},"end":{"line":102,"column":37}},"102":{"start":{"line":103,"column":0},"end":{"line":103,"column":0}},"103":{"start":{"line":104,"column":0},"end":{"line":104,"column":36}},"104":{"start":{"line":105,"column":0},"end":{"line":105,"column":26}},"105":{"start":{"line":106,"column":0},"end":{"line":106,"column":19}},"106":{"start":{"line":107,"column":0},"end":{"line":107,"column":15}},"107":{"start":{"line":108,"column":0},"end":{"line":108,"column":36}},"108":{"start":{"line":109,"column":0},"end":{"line":109,"column":33}},"109":{"start":{"line":110,"column":0},"end":{"line":110,"column":38}},"110":{"start":{"line":111,"column":0},"end":{"line":111,"column":46}},"111":{"start":{"line":112,"column":0},"end":{"line":112,"column":9}},"112":{"start":{"line":113,"column":0},"end":{"line":113,"column":0}},"113":{"start":{"line":114,"column":0},"end":{"line":114,"column":58}},"114":{"start":{"line":115,"column":0},"end":{"line":115,"column":21}},"115":{"start":{"line":116,"column":0},"end":{"line":116,"column":48}},"116":{"start":{"line":117,"column":0},"end":{"line":117,"column":79}},"117":{"start":{"line":118,"column":0},"end":{"line":118,"column":64}},"118":{"start":{"line":119,"column":0},"end":{"line":119,"column":5}},"119":{"start":{"line":120,"column":0},"end":{"line":120,"column":3}},"120":{"start":{"line":121,"column":0},"end":{"line":121,"column":1}},"121":{"start":{"line":122,"column":0},"end":{"line":122,"column":0}},"122":{"start":{"line":123,"column":0},"end":{"line":123,"column":36}},"123":{"start":{"line":124,"column":0},"end":{"line":124,"column":44}},"124":{"start":{"line":125,"column":0},"end":{"line":125,"column":66}},"125":{"start":{"line":126,"column":0},"end":{"line":126,"column":0}},"126":{"start":{"line":127,"column":0},"end":{"line":127,"column":44}},"127":{"start":{"line":128,"column":0},"end":{"line":128,"column":39}},"128":{"start":{"line":129,"column":0},"end":{"line":129,"column":22}},"129":{"start":{"line":130,"column":0},"end":{"line":130,"column":7}},"130":{"start":{"line":131,"column":0},"end":{"line":131,"column":10}},"131":{"start":{"line":132,"column":0},"end":{"line":132,"column":20}},"132":{"start":{"line":133,"column":0},"end":{"line":133,"column":3}},"133":{"start":{"line":134,"column":0},"end":{"line":134,"column":2}},"134":{"start":{"line":135,"column":0},"end":{"line":135,"column":0}},"135":{"start":{"line":136,"column":0},"end":{"line":136,"column":38}},"136":{"start":{"line":137,"column":0},"end":{"line":137,"column":19}},"137":{"start":{"line":138,"column":0},"end":{"line":138,"column":1}},"138":{"start":{"line":139,"column":0},"end":{"line":139,"column":0}},"139":{"start":{"line":140,"column":0},"end":{"line":140,"column":45}}},"s":{"0":1,"1":1,"2":1,"3":1,"4":1,"5":1,"6":1,"7":1,"8":1,"9":1,"10":1,"11":1,"12":1,"13":21,"14":21,"15":21,"16":21,"17":21,"18":21,"19":21,"20":21,"21":21,"22":21,"23":21,"24":21,"25":21,"26":21,"27":21,"28":21,"29":21,"30":21,"31":21,"32":21,"33":17,"34":17,"35":13,"36":13,"37":13,"38":17,"39":5,"40":5,"41":17,"42":21,"43":21,"44":17,"45":12,"46":18,"47":18,"48":18,"49":14,"50":12,"51":12,"52":21,"53":21,"54":13,"55":13,"56":13,"57":13,"58":13,"59":13,"60":13,"61":13,"62":13,"63":1,"64":1,"65":12,"66":12,"67":12,"68":12,"69":13,"70":1,"71":1,"72":11,"73":11,"74":10,"75":13,"76":1,"77":1,"78":10,"79":10,"80":9,"81":9,"82":9,"83":9,"84":13,"85":13,"86":13,"87":13,"88":13,"89":13,"90":13,"91":13,"92":13,"93":13,"94":13,"95":13,"96":13,"97":13,"98":13,"99":13,"100":8,"101":8,"102":8,"103":8,"104":8,"105":8,"106":8,"107":8,"108":8,"109":8,"110":8,"111":8,"112":7,"113":7,"114":13,"115":6,"116":6,"117":6,"118":6,"119":13,"120":21,"121":1,"122":1,"123":8,"124":8,"125":8,"126":8,"127":5,"128":1,"129":5,"130":8,"131":3,"132":3,"133":8,"134":1,"135":1,"136":2,"137":2,"138":1,"139":1},"branchMap":{"0":{"type":"branch","line":136,"loc":{"start":{"line":136,"column":37},"end":{"line":138,"column":1}},"locations":[{"start":{"line":136,"column":37},"end":{"line":138,"column":1}}]},"1":{"type":"branch","line":14,"loc":{"start":{"line":14,"column":0},"end":{"line":121,"column":1}},"locations":[{"start":{"line":14,"column":0},"end":{"line":121,"column":1}}]},"2":{"type":"branch","line":23,"loc":{"start":{"line":23,"column":2},"end":{"line":31,"column":3}},"locations":[{"start":{"line":23,"column":2},"end":{"line":31,"column":3}}]},"3":{"type":"branch","line":33,"loc":{"start":{"line":33,"column":2},"end":{"line":42,"column":3}},"locations":[{"start":{"line":33,"column":2},"end":{"line":42,"column":3}}]},"4":{"type":"branch","line":36,"loc":{"start":{"line":36,"column":-1},"end":{"line":39,"column":13}},"locations":[{"start":{"line":36,"column":-1},"end":{"line":39,"column":13}}]},"5":{"type":"branch","line":36,"loc":{"start":{"line":36,"column":-1},"end":{"line":36,"column":35}},"locations":[{"start":{"line":36,"column":-1},"end":{"line":36,"column":35}}]},"6":{"type":"branch","line":39,"loc":{"start":{"line":39,"column":-1},"end":{"line":39,"column":13}},"locations":[{"start":{"line":39,"column":-1},"end":{"line":39,"column":13}}]},"7":{"type":"branch","line":39,"loc":{"start":{"line":39,"column":6},"end":{"line":41,"column":5}},"locations":[{"start":{"line":39,"column":6},"end":{"line":41,"column":5}}]},"8":{"type":"branch","line":44,"loc":{"start":{"line":44,"column":10},"end":{"line":52,"column":3}},"locations":[{"start":{"line":44,"column":10},"end":{"line":52,"column":3}}]},"9":{"type":"branch","line":46,"loc":{"start":{"line":46,"column":-1},"end":{"line":52,"column":3}},"locations":[{"start":{"line":46,"column":-1},"end":{"line":52,"column":3}}]},"10":{"type":"branch","line":46,"loc":{"start":{"line":46,"column":26},"end":{"line":50,"column":42}},"locations":[{"start":{"line":46,"column":26},"end":{"line":50,"column":42}}]},"11":{"type":"branch","line":47,"loc":{"start":{"line":47,"column":22},"end":{"line":48,"column":18}},"locations":[{"start":{"line":47,"column":22},"end":{"line":48,"column":18}}]},"12":{"type":"branch","line":48,"loc":{"start":{"line":48,"column":18},"end":{"line":48,"column":45}},"locations":[{"start":{"line":48,"column":18},"end":{"line":48,"column":45}}]},"13":{"type":"branch","line":48,"loc":{"start":{"line":48,"column":45},"end":{"line":49,"column":18}},"locations":[{"start":{"line":48,"column":45},"end":{"line":49,"column":18}}]},"14":{"type":"branch","line":49,"loc":{"start":{"line":49,"column":18},"end":{"line":50,"column":42}},"locations":[{"start":{"line":49,"column":18},"end":{"line":50,"column":42}}]},"15":{"type":"branch","line":54,"loc":{"start":{"line":54,"column":10},"end":{"line":120,"column":3}},"locations":[{"start":{"line":54,"column":10},"end":{"line":120,"column":3}}]},"16":{"type":"branch","line":63,"loc":{"start":{"line":63,"column":40},"end":{"line":65,"column":7}},"locations":[{"start":{"line":63,"column":40},"end":{"line":65,"column":7}}]},"17":{"type":"branch","line":66,"loc":{"start":{"line":66,"column":-1},"end":{"line":70,"column":67}},"locations":[{"start":{"line":66,"column":-1},"end":{"line":70,"column":67}}]},"18":{"type":"branch","line":70,"loc":{"start":{"line":70,"column":67},"end":{"line":72,"column":7}},"locations":[{"start":{"line":70,"column":67},"end":{"line":72,"column":7}}]},"19":{"type":"branch","line":73,"loc":{"start":{"line":73,"column":-1},"end":{"line":74,"column":79}},"locations":[{"start":{"line":73,"column":-1},"end":{"line":74,"column":79}}]},"20":{"type":"branch","line":75,"loc":{"start":{"line":75,"column":-1},"end":{"line":76,"column":31}},"locations":[{"start":{"line":75,"column":-1},"end":{"line":76,"column":31}}]},"21":{"type":"branch","line":76,"loc":{"start":{"line":76,"column":31},"end":{"line":78,"column":7}},"locations":[{"start":{"line":76,"column":31},"end":{"line":78,"column":7}}]},"22":{"type":"branch","line":79,"loc":{"start":{"line":79,"column":-1},"end":{"line":80,"column":61}},"locations":[{"start":{"line":79,"column":-1},"end":{"line":80,"column":61}}]},"23":{"type":"branch","line":81,"loc":{"start":{"line":81,"column":-1},"end":{"line":85,"column":9}},"locations":[{"start":{"line":81,"column":-1},"end":{"line":85,"column":9}}]},"24":{"type":"branch","line":85,"loc":{"start":{"line":85,"column":8},"end":{"line":85,"column":56}},"locations":[{"start":{"line":85,"column":8},"end":{"line":85,"column":56}}]},"25":{"type":"branch","line":86,"loc":{"start":{"line":86,"column":8},"end":{"line":86,"column":25}},"locations":[{"start":{"line":86,"column":8},"end":{"line":86,"column":25}}]},"26":{"type":"branch","line":101,"loc":{"start":{"line":101,"column":-1},"end":{"line":112,"column":9}},"locations":[{"start":{"line":101,"column":-1},"end":{"line":112,"column":9}}]},"27":{"type":"branch","line":113,"loc":{"start":{"line":113,"column":-1},"end":{"line":115,"column":13}},"locations":[{"start":{"line":113,"column":-1},"end":{"line":115,"column":13}}]},"28":{"type":"branch","line":115,"loc":{"start":{"line":115,"column":6},"end":{"line":119,"column":5}},"locations":[{"start":{"line":115,"column":6},"end":{"line":119,"column":5}}]},"29":{"type":"branch","line":123,"loc":{"start":{"line":123,"column":23},"end":{"line":134,"column":2}},"locations":[{"start":{"line":123,"column":23},"end":{"line":134,"column":2}}]},"30":{"type":"branch","line":125,"loc":{"start":{"line":125,"column":48},"end":{"line":125,"column":65}},"locations":[{"start":{"line":125,"column":48},"end":{"line":125,"column":65}}]},"31":{"type":"branch","line":127,"loc":{"start":{"line":127,"column":43},"end":{"line":131,"column":3}},"locations":[{"start":{"line":127,"column":43},"end":{"line":131,"column":3}}]},"32":{"type":"branch","line":131,"loc":{"start":{"line":131,"column":3},"end":{"line":133,"column":3}},"locations":[{"start":{"line":131,"column":3},"end":{"line":133,"column":3}}]},"33":{"type":"branch","line":128,"loc":{"start":{"line":128,"column":32},"end":{"line":130,"column":5}},"locations":[{"start":{"line":128,"column":32},"end":{"line":130,"column":5}}]}},"b":{"0":[2],"1":[21],"2":[21],"3":[17],"4":[13],"5":[12],"6":[12],"7":[5],"8":[17],"9":[12],"10":[18],"11":[17],"12":[16],"13":[15],"14":[14],"15":[13],"16":[1],"17":[12],"18":[1],"19":[11],"20":[10],"21":[1],"22":[10],"23":[9],"24":[1],"25":[8],"26":[8],"27":[7],"28":[6],"29":[8],"30":[1],"31":[5],"32":[3],"33":[1]},"fnMap":{"0":{"name":"<instance_members_initializer>","decl":{"start":{"line":14,"column":0},"end":{"line":121,"column":1}},"loc":{"start":{"line":14,"column":0},"end":{"line":121,"column":1}},"line":14},"1":{"name":"DocumentProcessor","decl":{"start":{"line":23,"column":2},"end":{"line":31,"column":3}},"loc":{"start":{"line":23,"column":2},"end":{"line":31,"column":3}},"line":23},"2":{"name":"run","decl":{"start":{"line":33,"column":2},"end":{"line":42,"column":3}},"loc":{"start":{"line":33,"column":2},"end":{"line":42,"column":3}},"line":33},"3":{"name":"getUnprocessedDocuments","decl":{"start":{"line":44,"column":10},"end":{"line":52,"column":3}},"loc":{"start":{"line":44,"column":10},"end":{"line":52,"column":3}},"line":44},"4":{"name":"processDocument","decl":{"start":{"line":54,"column":10},"end":{"line":120,"column":3}},"loc":{"start":{"line":54,"column":10},"end":{"line":120,"column":3}},"line":54},"5":{"name":"startProcessor","decl":{"start":{"line":123,"column":23},"end":{"line":134,"column":2}},"loc":{"start":{"line":123,"column":23},"end":{"line":134,"column":2}},"line":123}},"f":{"0":21,"1":21,"2":17,"3":17,"4":13,"5":8}}
}
