{"/home/sohaib/Documents/frms/BIAR/src/job.ts": {"path":"/home/sohaib/Documents/frms/BIAR/src/job.ts","all":false,"statementMap":{"0":{"start":{"line":1,"column":0},"end":{"line":1,"column":56}},"1":{"start":{"line":2,"column":0},"end":{"line":2,"column":77}},"2":{"start":{"line":3,"column":0},"end":{"line":3,"column":29}},"3":{"start":{"line":4,"column":0},"end":{"line":4,"column":78}},"4":{"start":{"line":5,"column":0},"end":{"line":5,"column":59}},"5":{"start":{"line":6,"column":0},"end":{"line":6,"column":53}},"6":{"start":{"line":7,"column":0},"end":{"line":7,"column":53}},"7":{"start":{"line":8,"column":0},"end":{"line":8,"column":53}},"8":{"start":{"line":9,"column":0},"end":{"line":9,"column":65}},"9":{"start":{"line":10,"column":0},"end":{"line":10,"column":72}},"10":{"start":{"line":11,"column":0},"end":{"line":11,"column":0}},"11":{"start":{"line":12,"column":0},"end":{"line":12,"column":26}},"12":{"start":{"line":13,"column":0},"end":{"line":13,"column":49}},"13":{"start":{"line":14,"column":0},"end":{"line":14,"column":22}},"14":{"start":{"line":15,"column":0},"end":{"line":15,"column":0}},"15":{"start":{"line":16,"column":0},"end":{"line":16,"column":25}},"16":{"start":{"line":17,"column":0},"end":{"line":17,"column":41}},"17":{"start":{"line":18,"column":0},"end":{"line":18,"column":41}},"18":{"start":{"line":19,"column":0},"end":{"line":19,"column":43}},"19":{"start":{"line":20,"column":0},"end":{"line":20,"column":37}},"20":{"start":{"line":21,"column":0},"end":{"line":21,"column":37}},"21":{"start":{"line":22,"column":0},"end":{"line":22,"column":37}},"22":{"start":{"line":23,"column":0},"end":{"line":23,"column":49}},"23":{"start":{"line":24,"column":0},"end":{"line":24,"column":0}},"24":{"start":{"line":25,"column":0},"end":{"line":25,"column":17}},"25":{"start":{"line":26,"column":0},"end":{"line":26,"column":91}},"26":{"start":{"line":27,"column":0},"end":{"line":27,"column":49}},"27":{"start":{"line":28,"column":0},"end":{"line":28,"column":59}},"28":{"start":{"line":29,"column":0},"end":{"line":29,"column":53}},"29":{"start":{"line":30,"column":0},"end":{"line":30,"column":53}},"30":{"start":{"line":31,"column":0},"end":{"line":31,"column":53}},"31":{"start":{"line":32,"column":0},"end":{"line":32,"column":54}},"32":{"start":{"line":33,"column":0},"end":{"line":33,"column":3}},"33":{"start":{"line":34,"column":0},"end":{"line":34,"column":0}},"34":{"start":{"line":35,"column":0},"end":{"line":35,"column":30}},"35":{"start":{"line":36,"column":0},"end":{"line":36,"column":9}},"36":{"start":{"line":37,"column":0},"end":{"line":37,"column":61}},"37":{"start":{"line":38,"column":0},"end":{"line":38,"column":36}},"38":{"start":{"line":39,"column":0},"end":{"line":39,"column":40}},"39":{"start":{"line":40,"column":0},"end":{"line":40,"column":7}},"40":{"start":{"line":41,"column":0},"end":{"line":41,"column":21}},"41":{"start":{"line":42,"column":0},"end":{"line":42,"column":81}},"42":{"start":{"line":43,"column":0},"end":{"line":43,"column":5}},"43":{"start":{"line":44,"column":0},"end":{"line":44,"column":3}},"44":{"start":{"line":45,"column":0},"end":{"line":45,"column":0}},"45":{"start":{"line":46,"column":0},"end":{"line":46,"column":73}},"46":{"start":{"line":47,"column":0},"end":{"line":47,"column":75}},"47":{"start":{"line":48,"column":0},"end":{"line":48,"column":35}},"48":{"start":{"line":49,"column":0},"end":{"line":49,"column":26}},"49":{"start":{"line":50,"column":0},"end":{"line":50,"column":59}},"50":{"start":{"line":51,"column":0},"end":{"line":51,"column":22}},"51":{"start":{"line":52,"column":0},"end":{"line":52,"column":42}},"52":{"start":{"line":53,"column":0},"end":{"line":53,"column":6}},"53":{"start":{"line":54,"column":0},"end":{"line":54,"column":3}},"54":{"start":{"line":55,"column":0},"end":{"line":55,"column":0}},"55":{"start":{"line":56,"column":0},"end":{"line":56,"column":72}},"56":{"start":{"line":57,"column":0},"end":{"line":57,"column":26}},"57":{"start":{"line":58,"column":0},"end":{"line":58,"column":29}},"58":{"start":{"line":59,"column":0},"end":{"line":59,"column":25}},"59":{"start":{"line":60,"column":0},"end":{"line":60,"column":0}},"60":{"start":{"line":61,"column":0},"end":{"line":61,"column":9}},"61":{"start":{"line":62,"column":0},"end":{"line":62,"column":59}},"62":{"start":{"line":63,"column":0},"end":{"line":63,"column":0}},"63":{"start":{"line":64,"column":0},"end":{"line":64,"column":61}},"64":{"start":{"line":65,"column":0},"end":{"line":65,"column":51}},"65":{"start":{"line":66,"column":0},"end":{"line":66,"column":48}},"66":{"start":{"line":67,"column":0},"end":{"line":67,"column":7}},"67":{"start":{"line":68,"column":0},"end":{"line":68,"column":0}},"68":{"start":{"line":69,"column":0},"end":{"line":69,"column":47}},"69":{"start":{"line":70,"column":0},"end":{"line":70,"column":39}},"70":{"start":{"line":71,"column":0},"end":{"line":71,"column":0}},"71":{"start":{"line":72,"column":0},"end":{"line":72,"column":76}},"72":{"start":{"line":73,"column":0},"end":{"line":73,"column":98}},"73":{"start":{"line":74,"column":0},"end":{"line":74,"column":7}},"74":{"start":{"line":75,"column":0},"end":{"line":75,"column":0}},"75":{"start":{"line":76,"column":0},"end":{"line":76,"column":79}},"76":{"start":{"line":77,"column":0},"end":{"line":77,"column":0}},"77":{"start":{"line":78,"column":0},"end":{"line":78,"column":32}},"78":{"start":{"line":79,"column":0},"end":{"line":79,"column":78}},"79":{"start":{"line":80,"column":0},"end":{"line":80,"column":7}},"80":{"start":{"line":81,"column":0},"end":{"line":81,"column":6}},"81":{"start":{"line":82,"column":0},"end":{"line":82,"column":61}},"82":{"start":{"line":83,"column":0},"end":{"line":83,"column":66}},"83":{"start":{"line":84,"column":0},"end":{"line":84,"column":0}},"84":{"start":{"line":85,"column":0},"end":{"line":85,"column":83}},"85":{"start":{"line":86,"column":0},"end":{"line":86,"column":79}},"86":{"start":{"line":87,"column":0},"end":{"line":87,"column":26}},"87":{"start":{"line":88,"column":0},"end":{"line":88,"column":0}},"88":{"start":{"line":89,"column":0},"end":{"line":89,"column":37}},"89":{"start":{"line":90,"column":0},"end":{"line":90,"column":18}},"90":{"start":{"line":91,"column":0},"end":{"line":91,"column":19}},"91":{"start":{"line":92,"column":0},"end":{"line":92,"column":15}},"92":{"start":{"line":93,"column":0},"end":{"line":93,"column":39}},"93":{"start":{"line":94,"column":0},"end":{"line":94,"column":36}},"94":{"start":{"line":95,"column":0},"end":{"line":95,"column":32}},"95":{"start":{"line":96,"column":0},"end":{"line":96,"column":39}},"96":{"start":{"line":97,"column":0},"end":{"line":97,"column":35}},"97":{"start":{"line":98,"column":0},"end":{"line":98,"column":46}},"98":{"start":{"line":99,"column":0},"end":{"line":99,"column":43}},"99":{"start":{"line":100,"column":0},"end":{"line":100,"column":36}},"100":{"start":{"line":101,"column":0},"end":{"line":101,"column":9}},"101":{"start":{"line":102,"column":0},"end":{"line":102,"column":0}},"102":{"start":{"line":103,"column":0},"end":{"line":103,"column":37}},"103":{"start":{"line":104,"column":0},"end":{"line":104,"column":0}},"104":{"start":{"line":105,"column":0},"end":{"line":105,"column":36}},"105":{"start":{"line":106,"column":0},"end":{"line":106,"column":26}},"106":{"start":{"line":107,"column":0},"end":{"line":107,"column":19}},"107":{"start":{"line":108,"column":0},"end":{"line":108,"column":15}},"108":{"start":{"line":109,"column":0},"end":{"line":109,"column":36}},"109":{"start":{"line":110,"column":0},"end":{"line":110,"column":33}},"110":{"start":{"line":111,"column":0},"end":{"line":111,"column":38}},"111":{"start":{"line":112,"column":0},"end":{"line":112,"column":46}},"112":{"start":{"line":113,"column":0},"end":{"line":113,"column":9}},"113":{"start":{"line":114,"column":0},"end":{"line":114,"column":0}},"114":{"start":{"line":115,"column":0},"end":{"line":115,"column":58}},"115":{"start":{"line":116,"column":0},"end":{"line":116,"column":21}},"116":{"start":{"line":117,"column":0},"end":{"line":117,"column":48}},"117":{"start":{"line":118,"column":0},"end":{"line":118,"column":79}},"118":{"start":{"line":119,"column":0},"end":{"line":119,"column":64}},"119":{"start":{"line":120,"column":0},"end":{"line":120,"column":5}},"120":{"start":{"line":121,"column":0},"end":{"line":121,"column":3}},"121":{"start":{"line":122,"column":0},"end":{"line":122,"column":1}},"122":{"start":{"line":123,"column":0},"end":{"line":123,"column":0}},"123":{"start":{"line":124,"column":0},"end":{"line":124,"column":36}},"124":{"start":{"line":125,"column":0},"end":{"line":125,"column":44}},"125":{"start":{"line":126,"column":0},"end":{"line":126,"column":58}},"126":{"start":{"line":127,"column":0},"end":{"line":127,"column":66}},"127":{"start":{"line":128,"column":0},"end":{"line":128,"column":0}},"128":{"start":{"line":129,"column":0},"end":{"line":129,"column":20}},"129":{"start":{"line":130,"column":0},"end":{"line":130,"column":39}},"130":{"start":{"line":131,"column":0},"end":{"line":131,"column":22}},"131":{"start":{"line":132,"column":0},"end":{"line":132,"column":7}},"132":{"start":{"line":133,"column":0},"end":{"line":133,"column":10}},"133":{"start":{"line":134,"column":0},"end":{"line":134,"column":20}},"134":{"start":{"line":135,"column":0},"end":{"line":135,"column":3}},"135":{"start":{"line":136,"column":0},"end":{"line":136,"column":2}},"136":{"start":{"line":137,"column":0},"end":{"line":137,"column":0}},"137":{"start":{"line":138,"column":0},"end":{"line":138,"column":38}},"138":{"start":{"line":139,"column":0},"end":{"line":139,"column":19}},"139":{"start":{"line":140,"column":0},"end":{"line":140,"column":1}},"140":{"start":{"line":141,"column":0},"end":{"line":141,"column":0}},"141":{"start":{"line":142,"column":0},"end":{"line":142,"column":45}}},"s":{"0":1,"1":1,"2":1,"3":1,"4":1,"5":1,"6":1,"7":1,"8":1,"9":1,"10":1,"11":1,"12":1,"13":1,"14":1,"15":20,"16":20,"17":20,"18":20,"19":20,"20":20,"21":20,"22":20,"23":20,"24":20,"25":20,"26":20,"27":20,"28":20,"29":20,"30":20,"31":20,"32":20,"33":20,"34":20,"35":16,"36":16,"37":13,"38":13,"39":13,"40":16,"41":4,"42":4,"43":16,"44":20,"45":20,"46":16,"47":12,"48":18,"49":18,"50":18,"51":14,"52":12,"53":12,"54":20,"55":20,"56":13,"57":13,"58":13,"59":13,"60":13,"61":13,"62":13,"63":13,"64":13,"65":1,"66":1,"67":12,"68":12,"69":12,"70":12,"71":13,"72":1,"73":1,"74":11,"75":11,"76":10,"77":13,"78":1,"79":1,"80":10,"81":10,"82":9,"83":9,"84":9,"85":13,"86":13,"87":13,"88":13,"89":13,"90":13,"91":13,"92":13,"93":13,"94":13,"95":13,"96":13,"97":13,"98":13,"99":13,"100":13,"101":8,"102":8,"103":8,"104":8,"105":8,"106":8,"107":8,"108":8,"109":8,"110":8,"111":8,"112":8,"113":7,"114":7,"115":13,"116":6,"117":6,"118":6,"119":6,"120":13,"121":20,"122":1,"123":1,"124":7,"125":7,"126":7,"127":7,"128":7,"129":5,"130":1,"131":5,"132":7,"133":2,"134":2,"135":7,"136":1,"137":1,"138":2,"139":2,"140":1,"141":1},"branchMap":{"0":{"type":"branch","line":138,"loc":{"start":{"line":138,"column":37},"end":{"line":140,"column":1}},"locations":[{"start":{"line":138,"column":37},"end":{"line":140,"column":1}}]},"1":{"type":"branch","line":16,"loc":{"start":{"line":16,"column":0},"end":{"line":122,"column":1}},"locations":[{"start":{"line":16,"column":0},"end":{"line":122,"column":1}}]},"2":{"type":"branch","line":25,"loc":{"start":{"line":25,"column":2},"end":{"line":33,"column":3}},"locations":[{"start":{"line":25,"column":2},"end":{"line":33,"column":3}}]},"3":{"type":"branch","line":35,"loc":{"start":{"line":35,"column":2},"end":{"line":44,"column":3}},"locations":[{"start":{"line":35,"column":2},"end":{"line":44,"column":3}}]},"4":{"type":"branch","line":38,"loc":{"start":{"line":38,"column":-1},"end":{"line":41,"column":13}},"locations":[{"start":{"line":38,"column":-1},"end":{"line":41,"column":13}}]},"5":{"type":"branch","line":38,"loc":{"start":{"line":38,"column":-1},"end":{"line":38,"column":35}},"locations":[{"start":{"line":38,"column":-1},"end":{"line":38,"column":35}}]},"6":{"type":"branch","line":41,"loc":{"start":{"line":41,"column":-1},"end":{"line":41,"column":13}},"locations":[{"start":{"line":41,"column":-1},"end":{"line":41,"column":13}}]},"7":{"type":"branch","line":41,"loc":{"start":{"line":41,"column":6},"end":{"line":43,"column":5}},"locations":[{"start":{"line":41,"column":6},"end":{"line":43,"column":5}}]},"8":{"type":"branch","line":46,"loc":{"start":{"line":46,"column":10},"end":{"line":54,"column":3}},"locations":[{"start":{"line":46,"column":10},"end":{"line":54,"column":3}}]},"9":{"type":"branch","line":48,"loc":{"start":{"line":48,"column":-1},"end":{"line":54,"column":3}},"locations":[{"start":{"line":48,"column":-1},"end":{"line":54,"column":3}}]},"10":{"type":"branch","line":48,"loc":{"start":{"line":48,"column":26},"end":{"line":52,"column":42}},"locations":[{"start":{"line":48,"column":26},"end":{"line":52,"column":42}}]},"11":{"type":"branch","line":49,"loc":{"start":{"line":49,"column":22},"end":{"line":50,"column":18}},"locations":[{"start":{"line":49,"column":22},"end":{"line":50,"column":18}}]},"12":{"type":"branch","line":50,"loc":{"start":{"line":50,"column":18},"end":{"line":50,"column":55}},"locations":[{"start":{"line":50,"column":18},"end":{"line":50,"column":55}}]},"13":{"type":"branch","line":50,"loc":{"start":{"line":50,"column":55},"end":{"line":51,"column":18}},"locations":[{"start":{"line":50,"column":55},"end":{"line":51,"column":18}}]},"14":{"type":"branch","line":51,"loc":{"start":{"line":51,"column":18},"end":{"line":52,"column":42}},"locations":[{"start":{"line":51,"column":18},"end":{"line":52,"column":42}}]},"15":{"type":"branch","line":56,"loc":{"start":{"line":56,"column":10},"end":{"line":121,"column":3}},"locations":[{"start":{"line":56,"column":10},"end":{"line":121,"column":3}}]},"16":{"type":"branch","line":65,"loc":{"start":{"line":65,"column":50},"end":{"line":67,"column":7}},"locations":[{"start":{"line":65,"column":50},"end":{"line":67,"column":7}}]},"17":{"type":"branch","line":68,"loc":{"start":{"line":68,"column":-1},"end":{"line":72,"column":75}},"locations":[{"start":{"line":68,"column":-1},"end":{"line":72,"column":75}}]},"18":{"type":"branch","line":72,"loc":{"start":{"line":72,"column":75},"end":{"line":74,"column":7}},"locations":[{"start":{"line":72,"column":75},"end":{"line":74,"column":7}}]},"19":{"type":"branch","line":75,"loc":{"start":{"line":75,"column":-1},"end":{"line":76,"column":79}},"locations":[{"start":{"line":75,"column":-1},"end":{"line":76,"column":79}}]},"20":{"type":"branch","line":77,"loc":{"start":{"line":77,"column":-1},"end":{"line":78,"column":31}},"locations":[{"start":{"line":77,"column":-1},"end":{"line":78,"column":31}}]},"21":{"type":"branch","line":78,"loc":{"start":{"line":78,"column":31},"end":{"line":80,"column":7}},"locations":[{"start":{"line":78,"column":31},"end":{"line":80,"column":7}}]},"22":{"type":"branch","line":81,"loc":{"start":{"line":81,"column":-1},"end":{"line":82,"column":61}},"locations":[{"start":{"line":81,"column":-1},"end":{"line":82,"column":61}}]},"23":{"type":"branch","line":83,"loc":{"start":{"line":83,"column":-1},"end":{"line":86,"column":9}},"locations":[{"start":{"line":83,"column":-1},"end":{"line":86,"column":9}}]},"24":{"type":"branch","line":86,"loc":{"start":{"line":86,"column":8},"end":{"line":86,"column":78}},"locations":[{"start":{"line":86,"column":8},"end":{"line":86,"column":78}}]},"25":{"type":"branch","line":87,"loc":{"start":{"line":87,"column":8},"end":{"line":87,"column":25}},"locations":[{"start":{"line":87,"column":8},"end":{"line":87,"column":25}}]},"26":{"type":"branch","line":102,"loc":{"start":{"line":102,"column":-1},"end":{"line":113,"column":9}},"locations":[{"start":{"line":102,"column":-1},"end":{"line":113,"column":9}}]},"27":{"type":"branch","line":114,"loc":{"start":{"line":114,"column":-1},"end":{"line":116,"column":13}},"locations":[{"start":{"line":114,"column":-1},"end":{"line":116,"column":13}}]},"28":{"type":"branch","line":116,"loc":{"start":{"line":116,"column":6},"end":{"line":120,"column":5}},"locations":[{"start":{"line":116,"column":6},"end":{"line":120,"column":5}}]},"29":{"type":"branch","line":124,"loc":{"start":{"line":124,"column":23},"end":{"line":136,"column":2}},"locations":[{"start":{"line":124,"column":23},"end":{"line":136,"column":2}}]},"30":{"type":"branch","line":127,"loc":{"start":{"line":127,"column":48},"end":{"line":127,"column":65}},"locations":[{"start":{"line":127,"column":48},"end":{"line":127,"column":65}}]},"31":{"type":"branch","line":129,"loc":{"start":{"line":129,"column":19},"end":{"line":133,"column":3}},"locations":[{"start":{"line":129,"column":19},"end":{"line":133,"column":3}}]},"32":{"type":"branch","line":133,"loc":{"start":{"line":133,"column":3},"end":{"line":135,"column":3}},"locations":[{"start":{"line":133,"column":3},"end":{"line":135,"column":3}}]},"33":{"type":"branch","line":130,"loc":{"start":{"line":130,"column":32},"end":{"line":132,"column":5}},"locations":[{"start":{"line":130,"column":32},"end":{"line":132,"column":5}}]}},"b":{"0":[2],"1":[20],"2":[20],"3":[16],"4":[13],"5":[12],"6":[12],"7":[4],"8":[16],"9":[12],"10":[18],"11":[17],"12":[16],"13":[15],"14":[14],"15":[13],"16":[1],"17":[12],"18":[1],"19":[11],"20":[10],"21":[1],"22":[10],"23":[9],"24":[1],"25":[8],"26":[8],"27":[7],"28":[6],"29":[7],"30":[1],"31":[5],"32":[2],"33":[1]},"fnMap":{"0":{"name":"<instance_members_initializer>","decl":{"start":{"line":16,"column":0},"end":{"line":122,"column":1}},"loc":{"start":{"line":16,"column":0},"end":{"line":122,"column":1}},"line":16},"1":{"name":"DocumentProcessor","decl":{"start":{"line":25,"column":2},"end":{"line":33,"column":3}},"loc":{"start":{"line":25,"column":2},"end":{"line":33,"column":3}},"line":25},"2":{"name":"run","decl":{"start":{"line":35,"column":2},"end":{"line":44,"column":3}},"loc":{"start":{"line":35,"column":2},"end":{"line":44,"column":3}},"line":35},"3":{"name":"getUnprocessedDocuments","decl":{"start":{"line":46,"column":10},"end":{"line":54,"column":3}},"loc":{"start":{"line":46,"column":10},"end":{"line":54,"column":3}},"line":46},"4":{"name":"processDocument","decl":{"start":{"line":56,"column":10},"end":{"line":121,"column":3}},"loc":{"start":{"line":56,"column":10},"end":{"line":121,"column":3}},"line":56},"5":{"name":"startProcessor","decl":{"start":{"line":124,"column":23},"end":{"line":136,"column":2}},"loc":{"start":{"line":124,"column":23},"end":{"line":136,"column":2}},"line":124}},"f":{"0":20,"1":20,"2":16,"3":16,"4":13,"5":7}}
}
