TN:
SF:src/job.ts
FN:14,<instance_members_initializer>
FN:23,DocumentProcessor
FN:33,run
FN:44,getUnprocessedDocuments
FN:54,processDocument
FN:123,startProcessor
FNF:6
FNH:6
FNDA:21,<instance_members_initializer>
FNDA:21,DocumentProcessor
FNDA:17,run
FNDA:17,getUnprocessedDocuments
FNDA:13,processDocument
FNDA:8,startProcessor
DA:1,1
DA:2,1
DA:3,1
DA:4,1
DA:5,1
DA:6,1
DA:7,1
DA:8,1
DA:9,1
DA:10,1
DA:11,1
DA:12,1
DA:13,1
DA:14,21
DA:15,21
DA:16,21
DA:17,21
DA:18,21
DA:19,21
DA:20,21
DA:21,21
DA:22,21
DA:23,21
DA:24,21
DA:25,21
DA:26,21
DA:27,21
DA:28,21
DA:29,21
DA:30,21
DA:31,21
DA:32,21
DA:33,21
DA:34,17
DA:35,17
DA:36,13
DA:37,13
DA:38,13
DA:39,17
DA:40,5
DA:41,5
DA:42,17
DA:43,21
DA:44,21
DA:45,17
DA:46,12
DA:47,18
DA:48,18
DA:49,18
DA:50,14
DA:51,12
DA:52,12
DA:53,21
DA:54,21
DA:55,13
DA:56,13
DA:57,13
DA:58,13
DA:59,13
DA:60,13
DA:61,13
DA:62,13
DA:63,13
DA:64,1
DA:65,1
DA:66,12
DA:67,12
DA:68,12
DA:69,12
DA:70,13
DA:71,1
DA:72,1
DA:73,11
DA:74,11
DA:75,10
DA:76,13
DA:77,1
DA:78,1
DA:79,10
DA:80,10
DA:81,9
DA:82,9
DA:83,9
DA:84,9
DA:85,13
DA:86,13
DA:87,13
DA:88,13
DA:89,13
DA:90,13
DA:91,13
DA:92,13
DA:93,13
DA:94,13
DA:95,13
DA:96,13
DA:97,13
DA:98,13
DA:99,13
DA:100,13
DA:101,8
DA:102,8
DA:103,8
DA:104,8
DA:105,8
DA:106,8
DA:107,8
DA:108,8
DA:109,8
DA:110,8
DA:111,8
DA:112,8
DA:113,7
DA:114,7
DA:115,13
DA:116,6
DA:117,6
DA:118,6
DA:119,6
DA:120,13
DA:121,21
DA:122,1
DA:123,1
DA:124,8
DA:125,8
DA:126,8
DA:127,8
DA:128,5
DA:129,1
DA:130,5
DA:131,8
DA:132,3
DA:133,3
DA:134,8
DA:135,1
DA:136,1
DA:137,2
DA:138,2
DA:139,1
DA:140,1
LF:140
LH:140
BRDA:136,0,0,2
BRDA:14,1,0,21
BRDA:23,2,0,21
BRDA:33,3,0,17
BRDA:36,4,0,13
BRDA:36,5,0,12
BRDA:39,6,0,12
BRDA:39,7,0,5
BRDA:44,8,0,17
BRDA:46,9,0,12
BRDA:46,10,0,18
BRDA:47,11,0,17
BRDA:48,12,0,16
BRDA:48,13,0,15
BRDA:49,14,0,14
BRDA:54,15,0,13
BRDA:63,16,0,1
BRDA:66,17,0,12
BRDA:70,18,0,1
BRDA:73,19,0,11
BRDA:75,20,0,10
BRDA:76,21,0,1
BRDA:79,22,0,10
BRDA:81,23,0,9
BRDA:85,24,0,1
BRDA:86,25,0,8
BRDA:101,26,0,8
BRDA:113,27,0,7
BRDA:115,28,0,6
BRDA:123,29,0,8
BRDA:125,30,0,1
BRDA:127,31,0,5
BRDA:131,32,0,3
BRDA:128,33,0,1
BRF:34
BRH:34
end_of_record
