TN:
SF:src/job.ts
FN:16,<instance_members_initializer>
FN:25,DocumentProcessor
FN:35,run
FN:46,getUnprocessedDocuments
FN:56,processDocument
FN:124,startProcessor
FNF:6
FNH:6
FNDA:20,<instance_members_initializer>
FNDA:20,DocumentProcessor
FNDA:16,run
FNDA:16,getUnprocessedDocuments
FNDA:13,processDocument
FNDA:7,startProcessor
DA:1,1
DA:2,1
DA:3,1
DA:4,1
DA:5,1
DA:6,1
DA:7,1
DA:8,1
DA:9,1
DA:10,1
DA:11,1
DA:12,1
DA:13,1
DA:14,1
DA:15,1
DA:16,20
DA:17,20
DA:18,20
DA:19,20
DA:20,20
DA:21,20
DA:22,20
DA:23,20
DA:24,20
DA:25,20
DA:26,20
DA:27,20
DA:28,20
DA:29,20
DA:30,20
DA:31,20
DA:32,20
DA:33,20
DA:34,20
DA:35,20
DA:36,16
DA:37,16
DA:38,13
DA:39,13
DA:40,13
DA:41,16
DA:42,4
DA:43,4
DA:44,16
DA:45,20
DA:46,20
DA:47,16
DA:48,12
DA:49,18
DA:50,18
DA:51,18
DA:52,14
DA:53,12
DA:54,12
DA:55,20
DA:56,20
DA:57,13
DA:58,13
DA:59,13
DA:60,13
DA:61,13
DA:62,13
DA:63,13
DA:64,13
DA:65,13
DA:66,1
DA:67,1
DA:68,12
DA:69,12
DA:70,12
DA:71,12
DA:72,13
DA:73,1
DA:74,1
DA:75,11
DA:76,11
DA:77,10
DA:78,13
DA:79,1
DA:80,1
DA:81,10
DA:82,10
DA:83,9
DA:84,9
DA:85,9
DA:86,13
DA:87,13
DA:88,13
DA:89,13
DA:90,13
DA:91,13
DA:92,13
DA:93,13
DA:94,13
DA:95,13
DA:96,13
DA:97,13
DA:98,13
DA:99,13
DA:100,13
DA:101,13
DA:102,8
DA:103,8
DA:104,8
DA:105,8
DA:106,8
DA:107,8
DA:108,8
DA:109,8
DA:110,8
DA:111,8
DA:112,8
DA:113,8
DA:114,7
DA:115,7
DA:116,13
DA:117,6
DA:118,6
DA:119,6
DA:120,6
DA:121,13
DA:122,20
DA:123,1
DA:124,1
DA:125,7
DA:126,7
DA:127,7
DA:128,7
DA:129,7
DA:130,5
DA:131,1
DA:132,5
DA:133,7
DA:134,2
DA:135,2
DA:136,7
DA:137,1
DA:138,1
DA:139,2
DA:140,2
DA:141,1
DA:142,1
LF:142
LH:142
BRDA:138,0,0,2
BRDA:16,1,0,20
BRDA:25,2,0,20
BRDA:35,3,0,16
BRDA:38,4,0,13
BRDA:38,5,0,12
BRDA:41,6,0,12
BRDA:41,7,0,4
BRDA:46,8,0,16
BRDA:48,9,0,12
BRDA:48,10,0,18
BRDA:49,11,0,17
BRDA:50,12,0,16
BRDA:50,13,0,15
BRDA:51,14,0,14
BRDA:56,15,0,13
BRDA:65,16,0,1
BRDA:68,17,0,12
BRDA:72,18,0,1
BRDA:75,19,0,11
BRDA:77,20,0,10
BRDA:78,21,0,1
BRDA:81,22,0,10
BRDA:83,23,0,9
BRDA:86,24,0,1
BRDA:87,25,0,8
BRDA:102,26,0,8
BRDA:114,27,0,7
BRDA:116,28,0,6
BRDA:124,29,0,7
BRDA:127,30,0,1
BRDA:129,31,0,5
BRDA:133,32,0,2
BRDA:130,33,0,1
BRF:34
BRH:34
end_of_record
